Trovati 190 documenti. Inizio...

[1/190] Contratto_54416_148_198988210_0_CHRLNZ89C17A539I_15794.pdf ... ERRORE (tentativo 2/3), riprovo dopo: Command 'ocrmypdf' returned non-zero exit status 2.
[2/190] Came ZL180 cancello automatico.pdf ... OK
[3/190] Certificazione Energetica valido fino al 02-02-2022.pdf ... OK
[4/190] Contratto_54416_148_198988210_0_CHRLNZ89C17A539I_15794.pdf ... ERRORE (tentativo 3) -> quarantena: Command 'ocrmypdf' returned non-zero exit status 2.
[5/190] BustePaga_3_mesi_Lorenzo.pdf ... OK
[6/190] CUD2019_Lorenzo_C.pdf ... OK
[7/190] Delibera Mutuo.pdf ... OK
[8/190] EstattoConto3Mesi_Lorenzo.pdf ... OK
[9/190] Fonchim75x100_12072019.pdf ... OK
[10/190] Luce2020ServEletricNaz.pdf ... OK
[11/190] MarcoMonesiContatti.jpg ... OK
[12/190] PreliminareAppOcchiobello.pdf ... OK
[13/190] Preventivo tinteggiatura .pdf ... OK
[14/190] StatoFamiglia2019.pdf ... OK
[15/190] Fascicolo_Informativo_RC-Casa.pdf ... OK
[16/190] Fattura-94_2024-CHIEREGATO-LORENZO.pdf ... OK
[17/190] Marzo_22.pdf ... OK
[18/190] Aprile_22.pdf ... OK
[19/190] Cedole assegni Mutuo Banca Intesa 3-12-2019.pdf ... OK
[20/190] Conteggio di erogazione .pdf ... OK
[21/190] Dicembre_22.pdf ... OK
[22/190] Febbraio_22.pdf ... OK
[23/190] Gennaio_22.pdf ... OK
[24/190] Giugno_22.pdf ... OK
[25/190] interessi mutuo 2022.pdf ... OK
[26/190] Luglio_22.pdf ... OK
[27/190] Maggio 22.pdf ... OK
[28/190] Mutuo 01.08.2022.pdf ... OK
[29/190] Aprile20.pdf ... -> _DaSmistare
[30/190] Attestazione annuale interessi e oneri Mutui attivi 12_2019.pdf ... -> _DaSmistare
[31/190] Dicembre20.pdf ... OK
[32/190] Giugno20.pdf ... OK
[33/190] Luglio20.pdf ... OK
[34/190] Maggio20.pdf ... OK
[35/190] Marzo2020 Rata 1.pdf ... -> _DaSmistare
[36/190] Novembre20.pdf ... OK
[37/190] Ottobre20.pdf ... OK
[38/190] Settembre20(1).pdf ... OK
[39/190] Settembre20.pdf ... OK
[40/190] Aprile21.pdf ... OK
[41/190] Dicembre 21.pdf ... OK
[42/190] Febbraio21.pdf ... OK
[43/190] Gennaio21.pdf ... OK
[44/190] Giugno21.pdf ... OK
[45/190] Luglio21.pdf ... OK
[46/190] Maggio21.pdf ... OK
[47/190] Marzo21.pdf ... OK
[48/190] Novembre 21.pdf ... OK
[49/190] Ottobre 2021.pdf ... OK
[50/190] Settembre 21.pdf ... OK
[51/190] Aprile23.pdf ... OK
[52/190] Febbraio23.pdf ... OK
[53/190] Gennaio23.pdf ... OK
[54/190] Luglio23.pdf ... OK
[55/190] Maggio23.pdf ... OK
[56/190] Marzo23.pdf ... OK
[57/190] Settembre23.pdf ... OK
[58/190] Ottobre_22.pdf ... OK
[59/190] Settembre_22.pdf ... OK
[60/190] Certificato vendita Notaio Raffaele di Fraia 3-12-2019.pdf ... OK
[61/190] Compravendita 2019_Via Faccioli 7.PDF ... OK
[62/190] Contratto di mutuo 2019.PDF ... OK
[63/190] DFCC186.PDF.p7m.pdf ... Advanced encoding /SymbolEncoding not implemented yet
Advanced encoding /SymbolEncoding not implemented yet
Advanced encoding /SymbolEncoding not implemented yet
Advanced encoding /SymbolEncoding not implemented yet
OK
[64/190] Estinzione mutuo Faccioli (promemoria).pdf ... OK
[65/190] Fattura n.391 del 06-12-2019.pdf ... OK
[66/190] Fattura n.393 del 06-12-2019.pdf ... OK
[67/190] Rapporto di verifica_DFCC185.PDF.p7m.pdf ... Advanced encoding /SymbolEncoding not implemented yet
Advanced encoding /SymbolEncoding not implemented yet
Advanced encoding /SymbolEncoding not implemented yet
Advanced encoding /SymbolEncoding not implemented yet
OK
[68/190] RDT_208252814.PDF ... OK
[69/190] Vendita casa Occhiobello atto.pdf ... OK
[70/190] Polizza assicurazione decennale postuma danni diretti all_immobile.pdf ... OK
[71/190] Pozzetti casa Occhiobello.pdf ... OK
[72/190] Caldaia_sostituzione scheda_07_19_2020.pdf ... OK
[73/190] RCEE Tipo 1 per GT1_controllo fumi.pdf ... OK
[74/190] Ricevuta pulizia 14.01.2022.pdf ... OK
[75/190] RCEE Tipo 1 per GT1.pdf ... OK
[76/190] Ricevuta_20230302_1607_CalorSystem_Pulizia caldaia+Controllofumi+Sost. manometro.jpeg ... OK
[77/190] Scontrino_DCW2023_2593-4630.pdf ... OK
[78/190] Piano di Manutenzione Programmata per GT1.pdf ... OK
[79/190] RCEE Tipo 1 per GT1_caldaia.pdf ... OK
[80/190] Scontrino_DCW2024_4927-2425_caldaia.pdf ... OK
[81/190] Rapporto termico 2019.pdf ... OK
[82/190] Rapporto termico 2021.pdf ... OK
[83/190] Rapporto termico 2022.pdf ... OK
[84/190] Rapporto termico 2023.pdf ... OK
[85/190] PXL_20201220_134200154.jpg ... OK
[86/190] PXL_20201220_134209580.jpg ... OK
[87/190] PXL_20201220_134219934.jpg ... 